{"timestamp":"2026-02-09T13:17:21.745565Z","level":"info","event":"DAG bundles loaded: dags-folder, example_dags","logger":"airflow.dag_processing.bundles.manager.DagBundlesManager","filename":"manager.py","lineno":179}
{"timestamp":"2026-02-09T13:17:21.746477Z","level":"info","event":"Filling up the DagBag from /home/aabidh/retail_pipeline/airflow/dags/retail_dag.py","logger":"airflow.models.dagbag.BundleDagBag","filename":"dagbag.py","lineno":593}
{"timestamp":"2026-02-09T13:17:21.756639Z","level":"warning","event":"The `airflow.operators.bash.BashOperator` attribute is deprecated. Please use `'airflow.providers.standard.operators.bash.BashOperator'`.","category":"DeprecatedImportWarning","filename":"/home/aabidh/retail_pipeline/airflow/dags/retail_dag.py","lineno":2,"logger":"py.warnings"}
{"timestamp":"2026-02-09T13:17:21.780672Z","level":"info","event":"Task instance is in running state","logger":"task.stdout"}
{"timestamp":"2026-02-09T13:17:21.780842Z","level":"info","event":" Previous state of the Task instance: TaskInstanceState.QUEUED","logger":"task.stdout"}
{"timestamp":"2026-02-09T13:17:21.780950Z","level":"info","event":"Current task name:load","logger":"task.stdout"}
{"timestamp":"2026-02-09T13:17:21.781027Z","level":"info","event":"Dag name:retail_pipeline_dag","logger":"task.stdout"}
{"timestamp":"2026-02-09T13:17:21.781537Z","level":"info","event":"Tmp dir root location: /tmp","logger":"airflow.task.hooks.airflow.providers.standard.hooks.subprocess.SubprocessHook","filename":"subprocess.py","lineno":78}
{"timestamp":"2026-02-09T13:17:21.783022Z","level":"info","event":"Running command: ['/usr/bin/bash', '-c', 'python3 ~/retail_pipeline/scripts/load.py']","logger":"airflow.task.hooks.airflow.providers.standard.hooks.subprocess.SubprocessHook","filename":"subprocess.py","lineno":80}
{"timestamp":"2026-02-09T13:17:21.784111Z","level":"info","event":"Output:","logger":"airflow.task.hooks.airflow.providers.standard.hooks.subprocess.SubprocessHook","filename":"subprocess.py","lineno":92}
{"timestamp":"2026-02-09T13:17:46.910037Z","level":"info","event":"--- Loading dim_product ---","logger":"airflow.task.hooks.airflow.providers.standard.hooks.subprocess.SubprocessHook","filename":"subprocess.py","lineno":99}
{"timestamp":"2026-02-09T13:17:46.910472Z","level":"info","event":"✅ Loaded dim_product into BigQuery","logger":"airflow.task.hooks.airflow.providers.standard.hooks.subprocess.SubprocessHook","filename":"subprocess.py","lineno":99}
{"timestamp":"2026-02-09T13:17:46.910569Z","level":"info","event":"--- Loading dim_customer ---","logger":"airflow.task.hooks.airflow.providers.standard.hooks.subprocess.SubprocessHook","filename":"subprocess.py","lineno":99}
{"timestamp":"2026-02-09T13:17:46.910641Z","level":"info","event":"✅ Loaded dim_customer into BigQuery","logger":"airflow.task.hooks.airflow.providers.standard.hooks.subprocess.SubprocessHook","filename":"subprocess.py","lineno":99}
{"timestamp":"2026-02-09T13:17:46.910711Z","level":"info","event":"--- Loading fact_sales ---","logger":"airflow.task.hooks.airflow.providers.standard.hooks.subprocess.SubprocessHook","filename":"subprocess.py","lineno":99}
{"timestamp":"2026-02-09T13:17:46.910789Z","level":"info","event":"✅ Loaded fact_sales into BigQuery","logger":"airflow.task.hooks.airflow.providers.standard.hooks.subprocess.SubprocessHook","filename":"subprocess.py","lineno":99}
{"timestamp":"2026-02-09T13:17:47.169923Z","level":"info","event":"Command exited with return code 0","logger":"airflow.task.hooks.airflow.providers.standard.hooks.subprocess.SubprocessHook","filename":"subprocess.py","lineno":103}
{"timestamp":"2026-02-09T13:17:47.171250Z","level":"info","event":"Pushing xcom","ti":"RuntimeTaskInstance(id=UUID('019c4279-4501-7341-a25d-af8820aaac0b'), task_id='load', dag_id='retail_pipeline_dag', run_id='scheduled__2026-02-09T00:00:00+00:00', try_number=1, dag_version_id=UUID('019c4278-06cc-776b-ac84-b135b1cc04f1'), map_index=-1, hostname='DESKTOP-3RNPGOP.localdomain', context_carrier={}, task=<Task(BashOperator): load>, bundle_instance=LocalDagBundle(name=dags-folder), max_tries=1, start_date=datetime.datetime(2026, 2, 9, 13, 17, 21, 715475, tzinfo=datetime.timezone.utc), end_date=None, state=<TaskInstanceState.RUNNING: 'running'>, is_mapped=False, rendered_map_index=None)","logger":"task","filename":"task_runner.py","lineno":1522}
{"timestamp":"2026-02-09T13:17:47.211264Z","level":"info","event":"Task instance in success state","logger":"task.stdout"}
{"timestamp":"2026-02-09T13:17:47.211494Z","level":"info","event":" Previous state of the Task instance: TaskInstanceState.RUNNING","logger":"task.stdout"}
{"timestamp":"2026-02-09T13:17:47.211911Z","level":"info","event":"Task operator:<Task(BashOperator): load>","logger":"task.stdout"}
