{"timestamp":"2026-02-09T12:56:11.522667Z","level":"info","event":"DAG bundles loaded: dags-folder, example_dags","logger":"airflow.dag_processing.bundles.manager.DagBundlesManager","filename":"manager.py","lineno":179}
{"timestamp":"2026-02-09T12:56:11.523395Z","level":"info","event":"Filling up the DagBag from /home/aabidh/retail_pipeline/airflow/dags/retail_dag.py","logger":"airflow.models.dagbag.BundleDagBag","filename":"dagbag.py","lineno":593}
{"timestamp":"2026-02-09T12:56:11.533612Z","level":"warning","event":"The `airflow.operators.bash.BashOperator` attribute is deprecated. Please use `'airflow.providers.standard.operators.bash.BashOperator'`.","category":"DeprecatedImportWarning","filename":"/home/aabidh/retail_pipeline/airflow/dags/retail_dag.py","lineno":2,"logger":"py.warnings"}
{"timestamp":"2026-02-09T12:56:11.562164Z","level":"info","event":"Task instance is in running state","logger":"task.stdout"}
{"timestamp":"2026-02-09T12:56:11.562327Z","level":"info","event":" Previous state of the Task instance: TaskInstanceState.QUEUED","logger":"task.stdout"}
{"timestamp":"2026-02-09T12:56:11.562659Z","level":"info","event":"Current task name:extract","logger":"task.stdout"}
{"timestamp":"2026-02-09T12:56:11.562726Z","level":"info","event":"Dag name:retail_pipeline_dag","logger":"task.stdout"}
{"timestamp":"2026-02-09T12:56:11.563110Z","level":"info","event":"Tmp dir root location: /tmp","logger":"airflow.task.hooks.airflow.providers.standard.hooks.subprocess.SubprocessHook","filename":"subprocess.py","lineno":78}
{"timestamp":"2026-02-09T12:56:11.564350Z","level":"info","event":"Running command: ['/usr/bin/bash', '-c', 'python3 ~/retail_pipeline/scripts/extract.py']","logger":"airflow.task.hooks.airflow.providers.standard.hooks.subprocess.SubprocessHook","filename":"subprocess.py","lineno":80}
{"timestamp":"2026-02-09T12:56:11.565186Z","level":"info","event":"Output:","logger":"airflow.task.hooks.airflow.providers.standard.hooks.subprocess.SubprocessHook","filename":"subprocess.py","lineno":92}
{"timestamp":"2026-02-09T12:56:13.785257Z","level":"info","event":"--- Extracting products ---","logger":"airflow.task.hooks.airflow.providers.standard.hooks.subprocess.SubprocessHook","filename":"subprocess.py","lineno":99}
{"timestamp":"2026-02-09T12:56:13.785422Z","level":"info","event":"✅ Success! Saved 194 records to /home/aabidh/retail_pipeline/data/raw/products.json","logger":"airflow.task.hooks.airflow.providers.standard.hooks.subprocess.SubprocessHook","filename":"subprocess.py","lineno":99}
{"timestamp":"2026-02-09T12:56:13.785486Z","level":"info","event":"--- Extracting users ---","logger":"airflow.task.hooks.airflow.providers.standard.hooks.subprocess.SubprocessHook","filename":"subprocess.py","lineno":99}
{"timestamp":"2026-02-09T12:56:13.785530Z","level":"info","event":"✅ Success! Saved 208 records to /home/aabidh/retail_pipeline/data/raw/users.json","logger":"airflow.task.hooks.airflow.providers.standard.hooks.subprocess.SubprocessHook","filename":"subprocess.py","lineno":99}
{"timestamp":"2026-02-09T12:56:13.785567Z","level":"info","event":"--- Extracting carts ---","logger":"airflow.task.hooks.airflow.providers.standard.hooks.subprocess.SubprocessHook","filename":"subprocess.py","lineno":99}
{"timestamp":"2026-02-09T12:56:13.785600Z","level":"info","event":"✅ Success! Saved 50 records to /home/aabidh/retail_pipeline/data/raw/carts.json","logger":"airflow.task.hooks.airflow.providers.standard.hooks.subprocess.SubprocessHook","filename":"subprocess.py","lineno":99}
{"timestamp":"2026-02-09T12:56:13.803583Z","level":"info","event":"Command exited with return code 0","logger":"airflow.task.hooks.airflow.providers.standard.hooks.subprocess.SubprocessHook","filename":"subprocess.py","lineno":103}
{"timestamp":"2026-02-09T12:56:13.804208Z","level":"info","event":"Pushing xcom","ti":"RuntimeTaskInstance(id=UUID('019c4279-42ad-75b9-b99f-cd817dcca0f4'), task_id='extract', dag_id='retail_pipeline_dag', run_id='manual__2026-02-09T12:56:09.083730+00:00', try_number=1, dag_version_id=UUID('019c4278-06cc-776b-ac84-b135b1cc04f1'), map_index=-1, hostname='DESKTOP-3RNPGOP.localdomain', context_carrier={}, task=<Task(BashOperator): extract>, bundle_instance=LocalDagBundle(name=dags-folder), max_tries=1, start_date=datetime.datetime(2026, 2, 9, 12, 56, 11, 68404, tzinfo=datetime.timezone.utc), end_date=None, state=<TaskInstanceState.RUNNING: 'running'>, is_mapped=False, rendered_map_index=None)","logger":"task","filename":"task_runner.py","lineno":1522}
{"timestamp":"2026-02-09T12:56:13.838559Z","level":"info","event":"Task instance in success state","logger":"task.stdout"}
{"timestamp":"2026-02-09T12:56:13.838663Z","level":"info","event":" Previous state of the Task instance: TaskInstanceState.RUNNING","logger":"task.stdout"}
{"timestamp":"2026-02-09T12:56:13.838798Z","level":"info","event":"Task operator:<Task(BashOperator): extract>","logger":"task.stdout"}
