{"timestamp":"2026-02-09T12:56:25.810563Z","level":"info","event":"DAG bundles loaded: dags-folder, example_dags","logger":"airflow.dag_processing.bundles.manager.DagBundlesManager","filename":"manager.py","lineno":179}
{"timestamp":"2026-02-09T12:56:25.811168Z","level":"info","event":"Filling up the DagBag from /home/aabidh/retail_pipeline/airflow/dags/retail_dag.py","logger":"airflow.models.dagbag.BundleDagBag","filename":"dagbag.py","lineno":593}
{"timestamp":"2026-02-09T12:56:25.819180Z","level":"warning","event":"The `airflow.operators.bash.BashOperator` attribute is deprecated. Please use `'airflow.providers.standard.operators.bash.BashOperator'`.","category":"DeprecatedImportWarning","filename":"/home/aabidh/retail_pipeline/airflow/dags/retail_dag.py","lineno":2,"logger":"py.warnings"}
{"timestamp":"2026-02-09T12:56:25.835976Z","level":"info","event":"Task instance is in running state","logger":"task.stdout"}
{"timestamp":"2026-02-09T12:56:25.836118Z","level":"info","event":" Previous state of the Task instance: TaskInstanceState.QUEUED","logger":"task.stdout"}
{"timestamp":"2026-02-09T12:56:25.836283Z","level":"info","event":"Current task name:load","logger":"task.stdout"}
{"timestamp":"2026-02-09T12:56:25.836352Z","level":"info","event":"Dag name:retail_pipeline_dag","logger":"task.stdout"}
{"timestamp":"2026-02-09T12:56:25.836738Z","level":"info","event":"Tmp dir root location: /tmp","logger":"airflow.task.hooks.airflow.providers.standard.hooks.subprocess.SubprocessHook","filename":"subprocess.py","lineno":78}
{"timestamp":"2026-02-09T12:56:25.837765Z","level":"info","event":"Running command: ['/usr/bin/bash', '-c', 'python3 ~/retail_pipeline/scripts/load.py']","logger":"airflow.task.hooks.airflow.providers.standard.hooks.subprocess.SubprocessHook","filename":"subprocess.py","lineno":80}
{"timestamp":"2026-02-09T12:56:25.838464Z","level":"info","event":"Output:","logger":"airflow.task.hooks.airflow.providers.standard.hooks.subprocess.SubprocessHook","filename":"subprocess.py","lineno":92}
{"timestamp":"2026-02-09T12:56:43.795664Z","level":"info","event":"--- Loading dim_product ---","logger":"airflow.task.hooks.airflow.providers.standard.hooks.subprocess.SubprocessHook","filename":"subprocess.py","lineno":99}
{"timestamp":"2026-02-09T12:56:43.795831Z","level":"info","event":"✅ Loaded dim_product into BigQuery","logger":"airflow.task.hooks.airflow.providers.standard.hooks.subprocess.SubprocessHook","filename":"subprocess.py","lineno":99}
{"timestamp":"2026-02-09T12:56:43.795886Z","level":"info","event":"--- Loading dim_customer ---","logger":"airflow.task.hooks.airflow.providers.standard.hooks.subprocess.SubprocessHook","filename":"subprocess.py","lineno":99}
{"timestamp":"2026-02-09T12:56:43.795922Z","level":"info","event":"✅ Loaded dim_customer into BigQuery","logger":"airflow.task.hooks.airflow.providers.standard.hooks.subprocess.SubprocessHook","filename":"subprocess.py","lineno":99}
{"timestamp":"2026-02-09T12:56:43.795953Z","level":"info","event":"--- Loading fact_sales ---","logger":"airflow.task.hooks.airflow.providers.standard.hooks.subprocess.SubprocessHook","filename":"subprocess.py","lineno":99}
{"timestamp":"2026-02-09T12:56:43.795982Z","level":"info","event":"✅ Loaded fact_sales into BigQuery","logger":"airflow.task.hooks.airflow.providers.standard.hooks.subprocess.SubprocessHook","filename":"subprocess.py","lineno":99}
{"timestamp":"2026-02-09T12:56:43.924214Z","level":"info","event":"Command exited with return code 0","logger":"airflow.task.hooks.airflow.providers.standard.hooks.subprocess.SubprocessHook","filename":"subprocess.py","lineno":103}
{"timestamp":"2026-02-09T12:56:43.924928Z","level":"info","event":"Pushing xcom","ti":"RuntimeTaskInstance(id=UUID('019c4279-42af-717c-a6cf-6214adaf6480'), task_id='load', dag_id='retail_pipeline_dag', run_id='manual__2026-02-09T12:56:09.083730+00:00', try_number=1, dag_version_id=UUID('019c4278-06cc-776b-ac84-b135b1cc04f1'), map_index=-1, hostname='DESKTOP-3RNPGOP.localdomain', context_carrier={}, task=<Task(BashOperator): load>, bundle_instance=LocalDagBundle(name=dags-folder), max_tries=1, start_date=datetime.datetime(2026, 2, 9, 12, 56, 25, 791832, tzinfo=datetime.timezone.utc), end_date=None, state=<TaskInstanceState.RUNNING: 'running'>, is_mapped=False, rendered_map_index=None)","logger":"task","filename":"task_runner.py","lineno":1522}
{"timestamp":"2026-02-09T12:56:43.945847Z","level":"info","event":"Task instance in success state","logger":"task.stdout"}
{"timestamp":"2026-02-09T12:56:43.945947Z","level":"info","event":" Previous state of the Task instance: TaskInstanceState.RUNNING","logger":"task.stdout"}
{"timestamp":"2026-02-09T12:56:43.946106Z","level":"info","event":"Task operator:<Task(BashOperator): load>","logger":"task.stdout"}
